[OK] Wrote:
  runs/controls_layer20_hook_resid_pre_inst_controls_pareto.csv
  runs/controls_layer20_hook_resid_pre_inst_gap_vs_alpha.png
  runs/controls_layer20_hook_resid_pre_inst_pareto.png
[OK] Wrote:
  runs/controls_layer20_hook_resid_pre_base_controls_pareto.csv
  runs/controls_layer20_hook_resid_pre_base_gap_vs_alpha.png
  runs/controls_layer20_hook_resid_pre_base_pareto.png
[OK] Wrote:
  runs/controls_layer21_hook_resid_pre_inst_controls_pareto.csv
  runs/controls_layer21_hook_resid_pre_inst_gap_vs_alpha.png
  runs/controls_layer21_hook_resid_pre_inst_pareto.png
[OK] Wrote:
  runs/controls_layer21_hook_resid_pre_base_controls_pareto.csv
  runs/controls_layer21_hook_resid_pre_base_gap_vs_alpha.png
  runs/controls_layer21_hook_resid_pre_base_pareto.png
[OK] Wrote:
  runs/controls_layer23_hook_resid_pre_inst_controls_pareto.csv
  runs/controls_layer23_hook_resid_pre_inst_gap_vs_alpha.png
  runs/controls_layer23_hook_resid_pre_inst_pareto.png
[OK] Wrote:
  runs/controls_layer23_hook_resid_pre_base_controls_pareto.csv
  runs/controls_layer23_hook_resid_pre_base_gap_vs_alpha.png
  runs/controls_layer23_hook_resid_pre_base_pareto.png
